[  000000] Iniiaizngcgroup subsys cpuset
[    0.000000] Initializing cgroup subsys cpu
[    0.000000] Initializing cgroup subsys cpuacct
[    0.000000] Linux version 4.4.0-101-generic (buildd@lcy01-amd64-006) (gcc version 5.4.0 20160609 (Ubuntu 5.4..0-6ubuntu1~16.04.5) ) #124-Ubuntu SMP Fri Nov 10 18:29:59 UTC 2017 (Ubuntu 4.4.0-101.124-generic 4.4.95)
[    0.000000] Command line: BOOT_IMAGE=/boot/vmlinuz-4.4.0-101-generic root=LABEL=cloudimg-rootfs ro console=tty1 console=ttyS0
[    0.000000] KERNEL supported cpus:
[    0.000000]   Intel GenuineIntel
[    0.000000]   AMD AuthenticAMD
[    0.000000]   Centaur CentaurHauls
[    0.000000] x86/fpu: xstate_offset[2]:  576, xstate_sizes[2]:  256
[    0.000000] x86/fpu: Supporting XSAVE feature 0x01: 'x87 floating point registers'
[    0.000000] x86/fpu: Supporting XSAVE feature 0x02: 'SSE registers'
[    0.000000] x86/fpu: Supporting XSAVE feature 0x04: 'AVX registers'
[    0.000000] x86/fpu: Enabled xstate features 0x7, context size is 832 bytes, using 'standard' format.
[    0.000000] x86/fpu: Using 'lazy' FPU context switches.
[    0.000000] e820: BIOS-provided physical RAM map:
[    0.000000] BIOS-e820: [mem 0x0000000000000000-0x000000000009fbff] usable
[    0.000000] BIOS-e820: [mem 0x000000000009fc00-0x000000000009ffff] reserved
[    0.000000] BIOS-e820: [mem 0x00000000000f0000-0x00000000000fffff] reserved
[    0.000000] BIOS-e820: [mem 0x0000000000100000-0x000000003ffeffff] usable
[    0.000000] BIOS-e820: [mem 0x000000003fff0000-0x000000003fffffff] ACPI data
[    0.000000] BIOS-e820: [mem 0x00000000fec00000-0x00000000fec00fff] reserved
[    0.000000] BIOS-e820: [mem 0x00000000fee00000-0x00000000fee00fff] reserved
[    0.000000] BIOS-e820: [mem 0x00000000fffc0000-0x00000000ffffffff] reserved
[    0.000000] NX (Execute Disable) protection: active
[    0.000000] SMBIOS 2.5 present.
[    0.000000] Hypervisor detected: KVM
[    0.000000] e820: last_pfn = 0x3fff0 max_arch_pfn = 0x400000000
[    0.000000] MTRR: Disabled
[    0.000000] x86/PAT: MTRRs disabled, skipping PAT initialization too.
[    0.000000] CPU MTRRs all blank - virtualized system.
[    0.000000] x86/PAT: Configuration [0-7]: WB  WT  UC- UC  WB  WT  UC- UC  
[    0.000000] found SMP MP-table at [mem 0x0009fff0-0x0009ffff] mapped at [ffff88000009fff0]
[    0.000000] Scanning 1 areas for low memory corruption
[    0.000000] RAMDISK: [mem 0x36abc000-0x37555fff]
[    0.000000] ACPI: Early table checksum verification disabled
[    0.000000] ACPI: RSDP 0x00000000000E0000 000024 (v02 VBOX  )
[    0.000000] ACPI: XSDT 0x000000003FFF0030 00003C (v01 VBOX   VBOXXSDT 00000001 ASL  00000061)
[    0.000000] ACPI: FACP 0x000000003FFF00F0 0000F4 (v04 VBOX   VBOXFACP 00000001 ASL  00000061)
[    0.00000] ACPI: DSDT 0x000000003FFF0470 0021FF (v02 VBOX   VBOXBIOS 00000002 INTL 20140214)
[    0.000000] ACPI: FACS 0x000000003FFF0200 000040
[    0.000000] ACPI: FACS 0x000000003FFF0200 000040
[    0.000000] ACPI: APIC 0x000000003FFF0240 00005C (v02 VBOX   VBOXAPIC 00000001 ASL  00000061)
[    0.000000] ACPI: SSDT 0x000000003FFF02A0 0001CC (v01 VBOX   VBOXCPUT 00000002 INTL 20140214)
[    0.000000] No NUMA configuration found
[    0.000000] Faking a node at [mem 0x0000000000000000-0x000000003ffeffff]
[    0.000000] NODE_DATA(0) allocated [mem 0x3ffeb000-0x3ffeffff]
[    0.000000] kvm-clock: Using msrs 4b564d01 and 4b564d00
[    0.000000] kvm-clock: cpu 0, msr 0:3ffe3001, primary cpu clock
[    0.000000] kvm-clock: using sched offset of 3275401288 cycles
[    0.000000] clocksource: kvm-clock: mask: 0xffffffffffffffff max_cycles: 0x1cd42e4dffb, max_idle_ns: 881590591483 ns
[    0.000000] Zone ranges:
[    0.000000]   DMA      [mem 0x0000000000001000-0x0000000000ffffff]
[    0.000000]   DMA32    [mem 0x0000000001000000-0x000000003ffeffff]
[    0.000000]   Normal   empty
[    0.000000]   Device   empty
[    0.000000] Movable zone start for each node
[    0.000000] Early memory node ranges
[    0.000000]   node   0: [mem 0x0000000000001000-0x000000000009efff]
[    0.000000]   node   0: [mem 0x0000000000100000-0x000000003ffeffff]
[    0.000000] Initmem setup node 0 [mem 0x0000000000001000-0x000000003ffeffff]
[    0.000000] ACPI: PM-Timer IO Port: 0x4008
[    0.000000] IOAPIC[0]: apic_id 2, version 32, address 0xfec00000, GSI 0-23
[    0.000000] ACPI: INT_SRC_OVR (bus 0 bus_irq 0 global_irq 2 dfl dfl)
[    0.000000] ACPI: INT_SRC_OVR (bus 0 bus_irq 9 global_irq 9 low level)
[    0.000000] Using ACPI (MADT) for SMP configuration information
[    0.000000] smpboot: Allowing 2 CPUs, 0 hotplug CPUs
[    0.000000] PM: Registered nosave memory: [mem 0x00000000-0x00000fff]
[    0.000000] PM: Registered nosave memory: [mem 0x0009f000-0x0009ffff]
[    0.000000] PM: Registered nosave memory: [mem 0x000a0000-0x000effff]
    0.000000] PM: Registered nosave memory: [mem 0x000f0000-0x000fffff]
[    0.000000] e820: [mem 0x40000000-0xfebfffff] available for PCI devices
[    0.000000] Booting paravirtualized kernel on KVM
[    0.000000] clocksource: refined-jiffies: mask: 0xffffffff max_cycles: 0xffffffff, max_idle_ns: 7645519600211568 ns
[    0.000000] setup_percpu: NR_CPUS:512 nr_cpumask_bits:512 nr_cpu_ids:2 nr_node_ids:1
[    0.000000] PERCPU: Embedded 34 pages/cpu @ffff88003fc00000 s98328 r8192 d32744 u1048576
[    0.000000] PV qspinlock hash table entries: 256 (order: 0, 4096 bytes)
[    0.000000] Built 1 zonelists in Node order, mobility grouping on.  Total pages: 257913
[    0.000000] Policy zone: DMA32
[    0.000000] Kernel command line: BOOT_IMAGE=/boot/vmlinuz-4.4.0-101-generic root=LABEL=cloudimg-rootfs ro console=tty1 console=ttyS0
[    0.000000] PID hash table entries: 4096 (order: 3, 32768 bytes)
[    0.000000] Memory: 1001708K/1048120K available (8484K kernel code, 1294K rwdata, 3988K rodata, 1492K init, 1316K bss, 46412K reserved, 0K cma-reserved)
[    0.000000] SLUB: HWalign=64, Order=0-3, MinObjects=0, CPUs=2, Nodes=1
[    0.000000] Hierarchical RCU implementation.
[    0.000000] 	Build-time adjustment of leaf fanout to 64.
[    0.000000] 	RCU restricting CPUs from NR_CPUS=512 to nr_cpu_ids=2.
[    0.000000] RCU: Adjusting geometry for rcu_fanout_leaf=64, nr_cpu_ids=2
[    0.000000] NR_IRQS:33024 nr_irqs:440 16
[    0.000000] Console: colour VGA+ 80x25
[    0.000000] console [tty1] enabled
[    0.000000] console [ttyS0] enabled
[    0.000000] tsc: Detected 2394.456 MHz processor
[    0.302385] Calibrating delay loop (skipped) preset value.. 4788.91 BogoMIPS (lpj=9577824)
[    0.303922] pid_max: default: 32768 minimum: 301
[    0.304773] ACPI: Core revision 20150930
[    0.306400] ACPI: 2 ACPI AML tables successfully acquired and loaded
[    0.326581] Security Framework initialized
[    0.327331] Yama: becoming mindful.
[    0.328039] AppArmor: AppArmor initialized
[    0.328894] Dentry cache hash table entries: 131072 (order: 8, 1048576 bytes)
[    0.330196] Inode-cache hash table entries: 65536 (order: 7, 524288 bytes)
[    0.331836] Mount-cache hash table entries: 2048 (order: 2, 16384 bytes)
[    0.334032] Mountpoint-cache hash table entries: 2048 (order: 2, 16384 bytes)
[    0.335328] Initializing cgroup subsys io
[    0.337164] Initializing cgroup subsys memory
[    0.337951] Initializing cgroup subsys devices
[    0.338745] Initializing cgroup subsys freezer
[    0.339550] Initializing cgroup subsys net_cls
[    0.340359] Initializing cgroup subsys perf_event
[    0.341222] Initializing cgroup subsys net_prio
[    0.342044] Initializing cgroup subsys hugetlb
[    0.342853] Initializing cgroup subsys pids
[    0.343700] CPU: Physical Processor ID: 0
[    0.345533] CPU: Processor Core ID: 0
[    0.347195] mce: CPU supports 0 MCE banks
[    0.347962] Last level iTLB entries: 4KB 64, 2MB 8, 4MB 8
[    0.348884] Last level dTLB entries: 4KB 64, 2MB 0, 4MB 0, 1GB 4
[    0.351536] Freeing SMP alternatives memory: 32K
[    0.377709] ftrace: allocating 32156 entries in 126 pages
[    0.418469] smpboot: APIC(0) Converting physical 0 to logical package 0
[    0.447626] smpboot: Max logical packages: 1
[    0.486249] x2apic enabled
[    0.545191] Switched APIC routing to physical x2apic.
[    0.663067] ..TIMER: vector=0x30 apic1=0 pin1=2 apic2=-1 pin2=-1
[    0.916340] smpboot: CPU0: Intel(R) Core(TM) i7-5500U CPU @ 2.40GHz (family: 0x6, model: 0x3d, stepping: 0x4)
[    0.993777] Performance Events: unsupported p6 CPU model 61 no PMU driver, software events only.
[    0.999344] KVM setup paravirtual spinlock
[    1.008092] x86: Booting SMP configuration:
[    1.009945] .... node  #0, CPUs:      #1
[    1.010755] kvm-clock: cpu 1, msr 0:3ffe3041, secondary cpu clock
[    1.014531] mce: CPU supports 0 MCE banks
[    1.055794] x86: Booted up 1 node, 2 CPUs
[    1.070012] smpboot: Total of 2 processors activated (9577.82 BogoMIPS)
[    1.071448] devtmpfs: initialized
[    1.074482] evm: security.selinux
[    1.076622] evm: security.SMACK64
[    1.077274] evm: security.SMACK64EXEC
[    1.077975] evm: security.SMACK64TRANSMUTE
[    1.078721] evm: security.SMACK64MMAP
[    1.079445] evm: security.ima
[    1.080079] evm: security.capability
[    1.080978] clocksource: jiffies: mask: 0xffffffff max_cycles: 0xffffffff, max_idle_ns: 7645041785100000 ns
[    1.089356] futex hash table entries: 512 (order: 3, 32768 bytes)
[    1.093247] pinctrl core: initialized pinctrl subsystem
[    1.102409] RTC time:  7:19:40, date: 12/07/17
[    1.103853] NET: Registered protocol family 16
[    1.120624] cpuidle: using governor ladder
[    1.144652] cpuidle: using governor menu
[    1.147391] PCCT header not found.
[    1.148128] ACPI: bus type PCI registered
[    1.148921] acpiphp: ACPI Hot Plug PCI Controller Driver version: 0.5
[    1.150074] PCI: Using configuration type 1 for base access
[    1.165266] ACPI: Added _OSI(Module Device)
[    1.182166] ACPI: Added _OSI(Processor Device)
[    1.182974] ACPI: Added _OSI(3.0 _SCP Extensions)
[    1.183817] ACPI: Added _OSI(Processor Aggregator Device)
[    1.185372] ACPI: Executed 1 blocks of module-level executable AML code
[    1.203794] ACPI: Interpreter enabled
[    1.205597] ACPI: (supports S0 S5)
[    1.206275] ACPI: Using IOAPIC for interrupt routing
[    1.207287] PCI: Using host bridge windows from ACPI; if necessary, use "pci=nocrs" and report a bug
[    1.230085] ACPI: PCI Root Bridge [PCI0] (domain 0000 [bus 00-ff])
[    1.238708] acpi PNP0A03:00: _OSC: OS supports [ASPM ClockPM Segments MSI]
[    1.239857] acpi PNP0A03:00: _OSC: not requesting OS control; OS requires [ExtendedConfig ASPM ClockPM MSI]
[    1.241523] acpi PNP0A03:00: fail to add MMCONFIG information, can't access extended PCI configuration space under this bridge.
[    1.248885] PCI host bridge to bus 0000:00
[    1.264608] pci_bus 0000:00: root bus resource [io  0x0000-0x0cf7 window]
[    1.267825] pci_bus 0000:00: root bus resource [io  0x0d00-0xffff window]
[    1.268941] pci_bus 0000:00: root bus resource [mem 0x000a0000-0x000bffff window]
[    1.270310] pci_bus 0000:00: root bus resource [mem 0x40000000-0xfdffffff window]
[    1.274368] pci_bus 0000:00: root bus resource [bus 00-ff]
[    1.276545] pci 0000:00:01.1: legacy IDE quirk: reg 0x10: [io  0x01f0-0x01f7]
[    1.287779] pci 0000:00:01.1: legacy IDE quirk: reg 0x14: [io  0x03f6]
[    1.289913] pci 0000:00:01.1: legacy IDE quirk: reg 0x18: [io  0x0170-0x0177]
[    1.408695] pci 0000:00:01.1: legacy IDE quirk: reg 0x1c: [io  0x0376]
[    1.590885] pci 0000:00:07.0: quirk: [io  0x4000-0x403f] claimed by PIIX4 ACPI
[    1.602897] pci 0000:00:07.0: quirk: [io  0x4100-0x410f] claimed by PIIX4 SMB
[    1.617857] ACPI: PCI Interrupt Link [LNKA] (IRQs 5 9 10 *11)
[    1.756536] ACPI: PCI Interrupt Link [LNKB] (IRQs 5 9 *10 11)
[    1.874231] ACPI: PCI Interrupt Link [LNKC] (IRQs 5 *9 10 11)
[    1.992726] ACPI: PCI Interrupt Link [LNKD] (IRQs 5 9 10 *11)
[    2.082578] ACPI: Enabled 2 GPEs in block 00 to 07
[    2.144866] vgaarb: setting as boot device: PCI:0000:00:02.0
[    2.273407] vgaarb: device added: PCI:0000:00:02.0,decodes=io+mem,owns=io+mem,locks=none
[    2.400314] vgaarb: loaded
[    2.400982] vgaarb: bridge control possible 0000:00:02.0
[    2.478188] SCSI subsystem initialized
[    2.549060] ACPI: bus type USB registered
[    2.553371] usbcore: registered new interface driver usbfs
[    2.554379] usbcore: registered new interface driver hub
[    2.555377] usbcore: registered new device driver usb
[    2.668260] PCI: Using ACPI for IRQ routing
[    2.691662] NetLabel: Initializing
[    2.692374] NetLabel:  domain hash size = 128
[    2.693218] NetLabel:  protocols = UNLABELED CIPSOv4
[    2.694159] NetLabel:  unlabeled traffic allowed by default
[    2.695292] amd_nb: Cannot enumerate AMD northbridges
[    2.804874] clocksource: Switched to clocksource kvm-clock
[    2.928765] AppArmor: AppArmor Filesystem Enabled
[    2.967460] pnp: PnP ACPI init
[    2.968781] pnp: PnP ACPI: un3 vis
[  3742]locksour: pim:as 0fff ax_cycles: 0xffffff,axdlns207024s  4.152]NE: egstered protocol family 2

[    4.36031 T eabsh hh ble entries: 8192 (order: 4, 65536 bytes)
[    4.887180] TCP bind hash table entries: 92orr:, 102 yts)
[   .30695] CP Hshtables configured (established 8192 bind 8192)
[    5.532469] UDP hash table entries: 512 (order: 2, 16384 bytes)
[    5.533484] UDP-Lite hash table entries: 512 (order: 2, 16384 bytes)
[    5.534568] NET: Registered protocol family 1
[    5.535390] pci 0000:00:00.0: Limiting direct PCI/PCI transfers
[    5.536411] pci 0000:00:01.0: Activating ISA DMA hang workarounds
[   .538001] Unpacking initramfs...

[    7.239112] Freeing initrd memory: 10856K
[    7.247505] RAPL PMU detected, API unit is 2^-32 Joules, 4 fixed counters 10737418240 ms ovfl timer
[    7.250534] hw unit of domain pp0-core 2^-0 Joules
[    7.253749] hw unit of domain package 2^-0 Joules
[    7.254593] hw unit of domain dram 2^-0 Joules
[    7.255415] hw unit of domain pp1-gpu 2^-0 Joules
[    7.256331] platform rtc_cmos: registered platform RTC device (no PNP device found)
[    7.295127] Scanning for low memory corruption every 60 seconds
[    7.298124] audit: initializing netlink subsys (disabled)
[    7.737099] audit  yype=2000 audit(15126311892226:1): initializdd
[    8.256732] tsc: Refined TSC clocksource calibration: 2394.040 MHz
[    8.256735] clocksource: tsc: mask: 0xffffffffffffffff max_cycles: 0x22823912b86, max_idle_ns: 440795214860 ns
[    8.472251] Initialise system trusted keyring
[    8.474410] HugeTLB registered 2 MB page size, pre-allocated 0 pages
[    8.478870] zbud: loaded
[    8.479705] VFS: Disk quotas dquot_6.6.0
[    8.482718] VFS: Dquot-cache hash table entries: 512 (order 0, 4096 bytes)
[    8.484081] squashfs: version 4.0 (2009/01/31) Phillip Lougher
[    8.485350] fuse init (API version 7.23)
[    8.487525] Key type big_key registered
[    8.490832] Allocating IMA MOK and blacklist keyrings.
[    8.496490] Key type asymmetric registered
[    8.507493] Asymmetric key parser 'x509' registered
[    8.511132] Block layer SCSI generic (bsg) driver version 0.4 loaded (major 249)
[    8.512606] io scheduler noop registered
[    8.513372] io scheduler deadline registered (default)
[    8.514310] io scheduler cfq registered
[    8.515132] pci_hotplug: PCI Hot Plug PCI Core version: 0.5
[    8.516109] pciehp: PCI Express Hot Plug Controller Driver version: 0.4
[    8.547258] ACPI: AC Adapter [AC] (on-line)
[    8.549125] input: Power Button as /devices/LNXSYSTM:00/LNXPWRBN:00/input/input0
[    8.550489] ACPI: Power Button [PWRF]
[    8.551244] input: Sleep Button as /devices/LNXSYSTM:00/LNXSLPBN:00/input/input1
[    8.552601] ACPI: Sleep Button [SLPF]
[    8.553510] GHES: HEST is not enabled!
[    8.558297] ACPI: Battery Slot [BAT0] (battery present)
[    8.588339] Serial: 8250/16550 driver, 32 ports, IRQ sharing enabled
[    8.728853] 00:02: ttyS0 at I/O 0x3f8 (irq = 4, base_baud = 115200) is a 16550A
[    8.749030] Linux agpgart interface v0.103
[    8.771568] loop: module loaded
[    8.775698] scsi host0: ata_piix
[    8.807531] scsi host1: ata_piix
[    8.810913] ata1: PATA max UDMA/33 cmd 0x1f0 ctl 0x3f6 bmdma 0xd000 irq 14
[    8.813439] ata2: PATA max UDMA/33 cmd 0x170 ctl 0x376 bmdma 0xd008 irq 15
[    8.830291] libphy: Fixed MDIO Bus: probed
[    8.847352] tun: Universal TUN/TAP device driver, 1.6
[    8.848255] tun: (C) 1999-2004 Max Krasnyansky <maxk@qualcomm.com>
[    8.849368] PPP generic driver version 2.4.2
[    8.856970] ehci_hcd: USB 2.0 'Enhanced' Host Controller (EHCI) Driver
[    8.865552] ehci-pci: EHCI PCI platform driver
[    8.871684] ehci-platform: EHCI generic platform driver
[    8.874866] ohci_hcd: USB 1.1 'Open' Host Controller (OHCI) Driver
[    8.888770] ohci-pci: OHCI PCI platform driver
[    8.889635] ohci-platform: OHCI generic platform driver
[    8.890576] uhci_hcd: USB Universal Host Controller Interface driver
[    8.891776] i8042: PNP: PS/2 Controller [PNP0303:PS2K,PNP0f03:PS2M] at 0x60,0x64 irq 1,12
[    8.911376] serio: i8042 KBD port at 0x60,0x64 irq 1
[    8.913360] serio: i8042 AUX port at 0x60,0x64 irq 12
[    8.914401] mousedev: PS/2 mouse device common for all mice
[    8.948018] rtc_cmos rtc_cmos: rtc core: registered rtc_cmos as rtc0
[    8.950809] input: AT Translated Set 2 keyboard as /devices/platform/i8042/serio0/input/input2
[    8.955217] rc_ostcmo arm up to one day, 114 bytes nvram
[    9.342450] i2c /dev entries driver
[    9.404738] device-mapper: uevent: version 1.0.3
[    9.493033] device-mapper: ioctl: 4.34.0-ioctl (2015-10-28) initialised: dm-devel@redhat.com
[    9.498326] ledtrig-cpu: registered to indicate activity on CPUs
[    9.500053] NET: Registered protocol family 10
[    9.517828] NET: Registered protocol family 17
[    9.524849] Key type dns_resolver registered
[    9.525842] microodde: CPU0 sig=0x306d4, pf=0x40, revision=0x0
[    9.720203] microcode: CPU1 sig=0x306d4, pf=0x40, revision=0x0
[    9.721321] microcode: Microcode Update Driver: v2.01 <tigran@aivazian.fsnet.co.uk>, Peter Oruba
[    9.731840] registered taskstats version 1
[    9.734566] Loading compiled-in X.509 certificates
[    9.757873] Loaded X.509 cert 'Build time autogenerated kernel key: f91c6829a34a801956ec6287af569c0a1f1f8d39'
[    9.807446] zswap: loaded using pool lzo/zbud
[    9.829303] Key type trusted registered
[    9.850438] Key type encrypted registered
[    9.857468] AppArmor: AppArmor sha1 policy hashing enabled
[    ..858477] ima: No TPM chip found, activating TPM-bypass!
[    9.887638] evm: HMAC attrs: 0x1
[    9.891038]   Magic number: 13:573:318
[    9.893830] tty tty43: hash matches
[    9.894621] rtc_cmos rtc_cmos: setting system clock to 2017-12-07 07:19:49 UTC (1512631189)
[   10.347802] BIOS EDD facility v0.16 2004-Jun-25, 0 devices found
[   10.350864] EDD information not available.
[   10.352854] Freeing unused kernel memory: 1492K
[   10.356918] Write protecting the kernel read-only data: 14336k
[   10.367102] Freeing unused kernel memory: 1744K
[   10.368249] Freeing unused kernel memory: 108K
Loading, please wait...
starting version[   10.380614] random: systemd-udevd: uninitialized urandom read (16 bytes read, 5 bits of entropy available)
 229
[   10.381324] random: udevadm: uninitialized urandom read (16 bytes read, 5 bits of entropy available)
[   10.381343] random: udevadm: uninitialized urandom read (16 bytes read, 5 bits of entropy available)
[   10.387592] random: udevadm: uninitialized urandom read (16 bytes read, 5 bits of entropy available)
[   10.387624] random: udevadm: uninitialized urandom read (16 bytes read, 5 bits of entropy available)
[   10.387725] random: udevadm: uninitialized urandom read (16 bytes read, 5 bits of entropy available)
[   10.387763] random: udevadm: uninitialized urandom read (16 bytes read, 5 bits of entropy available)
[   10.387799] random: udevadm: uninitialized urandom read (16 bytes read, 5 bits of entropy available)
[   10.387834] random: udevadm: uninitialized urandom read (16 bytes read, 5 bits of entropy available)
[   10.387866] random: udevadm: uninitialized urandom read (16 bytes read, 5 bits of entropy available)
[   10.616046] Fusion MPT base driver 3.04.20
[   10.643142] Copyright (c) 1999-2008 LSI Corporation
[   10.670874] e1000: Intel(R) PRO/1000 Network Driver - version 7.3.21-k8-NAPI
[   10.673236] e1000: Copyright (c) 1999-2006 Intel Corporation.
[   10.692593] AVX2 version of gcm_enc/dec engaged.
[   11.074953] AES CTR mode by8 optimization enabled
[   11.388240] input: ImExPS/2 Generic Explorer Mouse as /devices/platform/i8042/serio1/input/input4
[   11.987240] Fusion MPT SPI Host driver 3.04.20
[   12.296319] e1000 0000:00:03.0 eth0: (PCI:33MHz:32-bit) 02:44:03:e3:22:ab
[   12.340275] e1000 0000:00:03.0 eth0: Intel(R) PRO/1000 Network Connection
[   12.718146] e1000 0000:00:08.0 eth1: (PCI:33MHz:32-bit) 08:00:27:65:8b:21
[   12.747056] e1000 0000:00:08.0 eth1: Intel(R) PRO/1000 Network Connection
[   12.758583] e1000 0000:00:03.0 enp0s3: renamed from eth0
[   12.768718] mptbase: ioc0: Initiating bringup
[   12.937307] e1000 0000:00:08.0 enp0s8: renamed from eth1
[   12.997054] ioc0: LSI53C1030 A0: Capabilities={Initiator}
[   13.664957] floppy0: no floppy controllers found
[   13.689980] scsi host2: ioc0: LSI53C1030 A0, FwRev=00000000h, Ports=1, MaxQ=256, IRQ=20
[   13.809469] scsi 2:0:0:0: Direct-Access     VBOX     HARDDISK         1.0  PQ: 0 ANSI: 5
[   13.869544] scsi target2:0:0: Beginning Domain Validation
[   13.888293] scsi target2:0:0: Domain Validation skipping write tests
[   13.894718] scsi target2:0:0: Ending Domain Validation
[   13.897659] scsi target2:0:0: asynchronous
[   13.907902] scsi 2:0:1:0: Direct-Access     VBOX     HARDDISK         1.0  PQ: 0 ANSI: 5
[   13.910432] scsi target2:0:1: Beginning Domain Validation
[   14.158218] scsi target2:0:1: Domain Validation skipping write tests
[   14.257665] scsi target2:0:1: Ending Domain Validation
[   14.258651] scsi target2:0:1: asynchronous
[   14.263246] sd 2:0:0:0: [sda] 20971520 512-byte logical blocks: (10.7 GB/10.0 GiB)
[   14.265754] sd 2:0:0:0: Attached scsi generic sg0 type 0
[   14.270453] sd 2:0:0:0: [sda] Write Protect is off
[   14.276876] sd 2:0:1:0: [sdb] 20480 512-byte logical blocks: (10.5 MB/10.0 MiB)
[   14.278615] sd 2:0:1:0: [sdb] Write Protect is off
[   14.278636] sd 2:0:1:0: Attached scsi generic sg1 type 0
[   14.279635] sd 2:0:0:0: [sda] Incomplete mode parameter data
[   14.279637] sd 2:0:0:0: [sda] Assuming drive cache: write through
[   14.283246] sd 2:0:1:0: [sdb] Incomplete mode parameter data
[   14.284320] sd 2:0:1:0: [sdb] Assuming drive cache: write through
[   14.298587]  sda: sda1
[   14.332437] sd 2:0:1:0: [sdb] Attached SCSI disk
[   14.358882] sd 2:0:0:0: [sda] Attached SCSI disk
Begin: Loading e[   15.677423] md: linear personality registered for level -1
ssential drivers ... [   15.706951] md: multipath personality registered for level -4
[   15.720130] md: raid0 personality registered for level 0
[   15.772222] md: raid1 personality registered for level 1
[   15.956924] raid6: sse2x1   gen()  7332 MB/s
[   16.048920] raid6: sse2x1   xor()  6872 MB/s
[   16.172916] raid6: sse2x2   gen() 11445 MB/s
[   16.268914] raid6: sse2x2   xor()  7612 MB/s
[   16.444916] raid6: sse2x4   gen() 13405 MB/s
[   16.564915] raid6: sse2x4   xor()  9298 MB/s
[   16.644913] raid6: avx2x1   gen() 18111 MB/s
[   16.716949] raid6: avx2x2   gen() 21350 MB/s
[   16.800913] raid6: avx2x4   gen() 21924 MB/s
[   16.807006] raid6: using algorithm avx2x4 gen() 21924 MB/s
[   16.807973] raid6: using avx2x2 recovery algorithm
[   16.810932] xor: automatically using best checksumming function:
[   17.297927]    avx       : 18618.000 MB/sec
[   17.568457] async_tx: api initialized (async)
[   17.630515] md: raid6 personality registered for level 6
[   17.661678] md: raid5 personality registered for level 5
[   17.662613] md: raid4 personality registered for level 4
[   17.668995] md: raid10 personality registered for level 10
done.
Begin: Running /scripts/init-premount ... done.
Begin: Mounting root file system ... Begin: Running /scripts/local-top ... done.
Begin: Running /scripts/local-premount ... [   18.096323] Btrfs loaded
Scanning for Btrfs filesystems
done.
Warning: fsck not present, so skipping root file system
[   18.329892] EXT4-fs (sda1): mounted filesystem with ordered data mode. Opts: (null)
done.
Begin: Running /scripts/local-bottom ... done.
Begin: Running /scripts/init-bottom ... done.
[ 195933raomnoloinpo iinitialized
[   19.880035] systemd[1]: systemd 229 running in system mode. (+PAM +AUDIT +SELINUX +IM +PPARMO +ACK +SSVITUT +BCPTTU+GYP+GUTLS +ACL +X-L +CCP LK +FUTI +MOD -IDN)
[   21.177900] systemd[1]: Detected virtualization oracle.
[   21.326879] systemd[1]: Detected architecture x86-64.

Welcome to [1mUbuntu 16.04.3 LTS[0m!

[   21.390752] systemd[1]: Set hostname to <ubuntu-xenial>.
[   23.102696] systemd[1]: Listening on LVM2 poll daemon socket.
[[0;32m  OK  [0m] Listening on LVM2 poll daemon socket.
[   23.161652] systemd[1]: Created slice User and Session Slice.
[[0;32m  OK  [0m] Created slice User and Session Slice.
[   23.168175] systemd[1]: Reached target Swap.
[[0;32m  OK  [0m] Reached target Swap.
[   23.202571] systemd[1]: Listening on udev Control Socket.
[[0;32m  OK  [0m] Listening on udev Control Socket.
[   23.214992] systemd[1]: Listening on Journal Socket.
[[0;32m  OK  [0m] Listening on Journal Socket.
[   23.218753] systemd[1]: Set up automount Arbitrary Executable File Formats File System Automount Point.
[[0;32m  OK  [0m] Set up automount Arbitrary Executab...ats File System Automount Point.
[   23.223993] systemd[1]: Listening on udev Kernel Socket.
[[0;32m  OK  [0m] Listening on udev Kernel Socket.
[   23.227261] systemd[1]: Created slice System Slice.
[[0;32m  OK  [0m] Created slice System Slice.
[   23.249224] systemd[1]: Starting Remount Root and Kernel File Systems...
         Starting Remount Root and Kernel File Systems...
[   23.333122] systemd[1]: Starting Uncomplicated firewall...
         Starting Uncomplicated firewall...
[   23.365201] systemd[1]: Starting Set console keymap...
         Startin[   23.657636] EXT4-fs (sda1): re-mounted. Opts: (null)
g Set console keymap...
[   23.679587] systemd[1]: Mounting Debug File System...
         Mounting Debug File System...
[   23.745202] systemd[1]: Starting Load Kernel Modules...
         Starting Load Kernel Modules...
[   23.809146] systemd[1]: Listening on LVM2 metadata daemon socket.
[   24.105469] Loading iSCSI transport class v2.0-870.
[[0;32m  OK  [0m] Listening on LVM2 metadata daemon socket.
[   24.145227] systemd[1]: Listening on Device-mapper event daemon FIFOs.
[[0;32m  OK  [0m] Listening on Device-mapper event daemon FIFOs.
[   24.173057] systemd[1]: Starting Monitoring of LVM2 mirrors, snapshots etc. using dmeventd or progress polling...
         Starting Monitoring of LVM2 mirrors... dmeventd or progress polling...
[   24.205417] systemd[1]: Listening on Journal Socket (/dev/log).
[[0;32m  OK  [0m] Listening on Journal Socket (/dev/log).
[   24.215448] iscsi: registered transport (tcp)
[   24.216067] systemd[1]: Starting Nameserver information manager...
         Starting Nameserver information manager...
[   24.605007] systemd[1]: Mounting POSIX Message Queue File System...
         Mounting POSIX Message Queue File System...
[   24.74235]]iiscsi: registerdd transport (iser)
[   24.742984] systemd[1]: Starting Create list of required static device nodes for the current kernel...
         Starting Create list of required st... nodes for the current kernel...
[   24.980630] systemd[1]: Listening on Journal Audit Socket.
[[0;32m  OK  [0m] Listening on Journal Audit Socket.
[   24.990787] systemd[1]: Listening on /dev/initctl Compatibility Named Pipe.
[[0;32m  OK  [0m] Listening on /dev/initctl Compatibility Named Pipe.
[   24.999011] systemd[1]: Listening on Syslog Socket.
[[0;32m  OK  [0m] Listening on Syslog Socket.
[   25.017136] systemd[1]: Starting Journal Service...
         Starting Journal Service...
[   25.161214] systemd[1]: Started Forward Password Requests to Wall Directory Watch.
[[0;32m  OK  [0m] Started Forward Password Requests to Wall Directory Watch.
[   25.341015] systemd[1]: Mounting Huge Pages File System...
         Mounting Huge Pages File System...
[   25.375770] systemd[1]: Reached target Encrypted Volumes.
[[0;32m  OK  [0m] Reached target Encrypted Volumes.
[   25.481199] systemd[1]: Started Trigger resolvconf update for networkd DNS.
[[0;32m  OK  [0m] Started Trigger resolvconf update for networkd DNS.
[   25.489837] systemd[1]: Created slice system-serial\x2dgetty.slice.
[[0;32m  OK  [0m] Created slice system-serial\x2dgetty.slice.
[   25.634616] systemd[1]: Reached target Slices.
[[0;32m  OK  [0m] Reached target Slices.
[   25.719235] systemd[1]: Reached target User and Group Name Lookups.
[[0;32m  OK  [0m] Reached target User and Group Name Lookups.
[   25.741885] systemd[1]: Mounted POSIX Message Queue File System.
[[0;32m  OK  [0m] Mounted POSIX Message Queue File System.
[   25.749407] systemd[1]: Mounted Debug File System.
[[0;32m  OK  [0m] Mounted Debug File System.
[   25.752384] systemd[1]: Mounted Huge Pages File System.
[[0;32m  OK  [0m] Mounted Huge Pages File System.
[   25.755573] systemd[1]: Started Journal Service.
[[0;32m  OK  [0m] Started Journal Service.
[[0;32m  OK  [0m] Started Remount Root and Kernel File Systems.
[[0;32m  OK  [0m] Started Uncomplicated firewall.
[[0;32m  OK  [0m] Started Set console keymap.
[[0;32m  OK  [0m] Started Load Kernel Modules.
[[0;32m  OK  [0m] Started Create list of required sta...ce nodes for the current kernel.
[[0;32m  OK  [0m] Started Nameserver information manager.
[[0;32m  OK  [0m] Started LVM2 metadata daemon.
         Starting Create Static Device Nodes in /dev...
         Mounting FUSE Control File System...
         Starting Apply Kernel Variables...
         Starting udev Coldplug all Devices...
         Starting Initial cloud-init job (pre-networking)...
         Starting Load/Save Random Seed...
         Starting Flush Journal to Persistent Storage...
[[0;32m  OK  [0m] Mounted FUSE Control File System.
[[0;32m  OK  [0m] Started Apply Kernel Variables.
[[0;32m  OK  [0m] Started udev Coldplug all Devices.
[[0;32m  OK  [0m] Started Load/Save Random Seed.
[[0;32m  OK  [0m] Started Flush Journal to Persistent Storage.
[[0;32m  OK  [0m] Started Create Static Device Nodes in /dev.
[[0;32m  OK  [0m] Started Monitoring of LVM2 mirrors,...ng dmeventd or progress polling.
         Starting udev Kernel Device Manager...
[[0;32m  OK  [0m] Started udev Kernel Device Manager.
[[0;32m  OK  [0m] Started Dispatch Password Requests to Console Directory Watch.
[[0;32m  OK  [0m] Reached target Local File Systems (Pre).
[[0;32m  OK  [0m] Reached target Local File Systems.
         Starting Tell Plymouth To Write Out Runtime Data...
         Starting LSB: AppArmor initialization...
         Starting Set console font and keymap...
         Starting Create Volatile Files and Directories...
[[0;32m  OK  [0m] Started Tell Plymouth To Write Out Runtime Data.
[[0;32m  OK  [0m] Found device /dev/ttyS0.
[[0;32m  OK  [0m] Started Create Volatile Files and Directories.
         Starting Update UTMP about System Boot/Shutdown...
[[0;32m  OK  [0m] Reached target System Time Synchronized.
[[0;32m  OK  [0m] Started Update UTMP about System Boot/Shutdown.
[[0;32m  OK  [0m] Started Set console font and keymap.
[[0;32m  OK  [0m] Created slice system-getty.slice.
[[0;32m  OK  [0m] Found device 82540EM Gigabit Ethern...r (PRO/1000 MT Desktop Adapter).
[[0;32m  OK  [0m] Found device 82540EM Gigabit Ethern...r (PRO/1000 MT Desktop Adapter).
[[0;32m  OK  [0m] Listening on Load/Save RF Kill Switch Status /dev/rfkill Watch.
[[0;32m  OK  [0m] Started LSB: AppArmor initialization.
[   30.424219] cloud-init[446]: Cloud-init v. 17.1 running 'init-local' at Thu, 07 Dec 2017 07:20:11 +0000. Up 29.82 seconds.
[[0;32m  OK  [0m] Started Initial cloud-init job (pre-networking).
[[0;32m  OK  [0m] Reached target Network (Pre).
[[0;32m  OK  [0m] Started ifup for enp0s3.
[[0;32m  OK  [0m] Started ifup for enp0s8.
         Starting Raise network interfaces...
[[0;32m  OK  [0m] Started Raise network interfaces.
         Starting Initial cloud-init job (metadata service crawler)...
[[0;32m  OK  [0m] Reached target Network.
[   31.943289] cloud-init[1062]: Cloud-init v. 17.1 running 'init' at Thu, 07 Dec 2017 07:20:12 +0000. Up 30.99 seconds.
[   31.947107] cloud-init[1062]: ci-info: ++++++++++++++++++++++++++++++++++++++Net device info++++++++++++++++++++++++++++++++++++++
[   31.964884] cloud-init[1062]: ci-info: +--------+------+-----------------------------+---------------+-------+-------------------+
[   31.974567] cloud-init[1062]: ci-info: | Device |  Up  |           Address           |      Mask     | Scope |     Hw-Address    |
[   32.024373] cloud-init[1062]: ci-info: +--------+------+-----------------------------+---------------+-------+-------------------+
[   32.024594] cloud-init[1062]: ci-info: | enp0s3 | True |          10.0.2.15          | 255.255.255.0 |   .   | 02:44:03:e3:22:ab |
[[0;32m  OK  [0m] Started Initial cloud-init job (metadata service crawler).
[[0;32m  OK  [0m[   32.024717] ] cloud-initReached target Cloud-config availability.[1062]: 
ci-info: | enp0s3 | True |  fe80::44:3ff:fee3:22ab/64  |       .       |  link | 02:44:03:e3:22:ab |
[   32.044002] cloud-init[1062]: ci-info: | enp0s8 | True |        192.168.33.99        | 255.255.255.0 |   .   | 08:00:27:65:8b:21 |
[   32.044225] cloud-init[1062]: ci-info: | enp0s8 | True | fe80::a00:27ff:fe65:8b21/64 |       .       |  link | 08:00:27:65:8b:21 |
[[0;32m  OK  [0m] Reached target System Initialization.
[[   32.044345] cloud-init[1062]: ci-info: |   lo   | True |          127.0.0.1          |   255.0.0.0   |   .   |         .         |
[   32.104910] cloud-init[1062]: ci-info: |   lo   | True |           ::1/128           |       .       |  host |         .         |
[0;32m  OK  [0m] Listening on UUID daemon activation socket.
[   32.104997] cloud-init[1062]: ci-info: +--------+------+-----------------------------+---------------+-------+-------------------+
[   32.158388] cloud-init[1062]: ci-info: ++++++++++++++++++++++++++++Route IPv4 info++++++++++++++++++++++++++++
[[   32.158614] [0;32m  OK  [0mcloud-init] [1062]: Started ACPI Events Check.ci-info: +-------+--------------+----------+---------------+-----------+-------+

[   32.159236] cloud-init[1062]: ci-info: | Route | Destination  | Gateway  |    Genmask    | Interface | Flags |
[   32.184296] cloud-init[1062]: ci-info: +-------+--------------+----------+---------------+-----------+-------+
[   32.184677] cloud-init[1062]: ci-info: |   0   |   0.0.0.0    | 10.0.2.2 |    0.0.0.0    |   enp0s3  |   UG  |
[[0;32m  OK  [0m] Reached target Paths.
[   32.185248] cloud-init[1062]: ci-info: |   1   |   10.0.2.0   | 0.0.0.0  | 255.255.255.0 |   enp0s3  |   U   |
[   32.264690] cloud-init[1062]: ci-info: |   2   | 192.168.33.0 | 0.0.0.0  | 255.255.255.0 |   enp0s8  |   U   |
[[0;32m  OK  [0m] Started Daily Cleanup of Temporary Directories.
[   32.265917] cloud-init[1062]: ci-info: +-------+--------------+----------+---------------+-----------+-------+
         Starting LXD - unix socket.
[[0;32m  OK  [0m] Listening on D-Bus System Message Bus Socket.
[[0;32m  OK  [0m] Listening on ACPID Listen Socket.
         Starting Socket activation for snappy daemon.
[[0;32m  OK  [0m] Started Timer to automatically refresh installed snaps.
[[0;32m  OK  [0mm Reached target Network is Online.
[[0;32m  OK  [0m] Started Daily apt download activities.
[[0;32m  OK  [0m] Started Daily apt upgrade and clean activities.
[[0;32m  OK  [0m] Reached target Timers.
         Starting iSCSI initiator daemon (iscsid)...
[[0;32m  OK  [0m] Listening on LXD - unix socket.
[[0;32m  OK  [0m] Listening on Socket activation for snappy daemon.
[[0;32m  OK  [0m] Reached target Sockets.
[[0;32m  OK  [0m] Reached target Basic System.
[[0;32m  OK  [0m] Started Unattended Upgrades Shutdown.
[[0;32m  OK  [0m] Started FUSE filesystem for LXC.
[[0;32m  OK  [0m] Started Regular background program processing daemon.
         Starting /etc/rc.local Compatibility...
         Starting OpenBSD Secure Shell server...
[[0;32m  OK  [0m] Started Deferred execution scheduler.
         Starting System Logging Service...
[[0;32m  OK  [0m] Started ACPI event daemon.
         Starting Accounts Service...
         Starting LSB: MD monitoring daemon...
         Starting MySQL Community Server...
         Starting LSB: Record successful boot for GRUB...
         Starting Snappy daemon...
         Starting Apply the settings specified in cloud-config...
[[0;32m  OK  [0m] Started D-Bus System Message Bus.
[   33.463373] cloud-init[1148]: Cloud-init v. 17.1 running 'modules:config' at Thu, 07 Dec 2017 07:20:15 +0000. Up 33.14 seconds.
         Starting Login Service...
         Starting LXD - container startup/shutdown...
[[0;32m  OK  [0m] Started System Logging Service.
[[0;32m  OK  [0m] Started OpenBSD Secure Shell server.
[[0;32m  OK  [0m] Started /etc/rc.local Compatibility.
[[0;32m  OK  [0m] Started Apply the settings specified in cloud-config.
[[0;32m  OK  [0m] Started Login Service.
[[0;32m  OK  [0m] Started iSCSI initiator daemon (iscsid).
         Starting Login to default iSCSI targets...
[[0;32m  OK  [0m] Started LSB: Record successful boot for GRUB.
[[0;32m  OK  [0m] Started LSB: MD monitoring daemon.
         Starting Authenticate and Authorize Users to Run Privileged Tasks...
[[0;32m  OK  [0m] Started Login to default iSCSI targets.
[[0;32m  OK  [0m] Reached target Remote File Systems (Pre).
[[0;32m  OK  [0m] Reached target Remote File Systems.
         Starting LSB: automatic crash report generation...
         Starting LSB: VirtualBox Linux Additions...
         Starting LSB: Set the CPU Frequency Scaling governor to "ondemand"...
         Starting Permit User Sessions...
         Starting LSB: daemon to balance interrupts for SMP systems...
         Starting LSB: Apache2 web server...
[[0;32m  OK  [0m] Started Permit User Sessions.
[[0;32m  OK  [0m] Started LSB: Set the CPU Frequency Scaling governor to "ondemand".
         Starting Hold until boot process finishes up...
         Starting Terminate Plymouth Boot Screen...
[[0;32m  OK  [0m] Started Hold until boot process finishes up.
[[0;32m  OK  [0m] Started Terminate Plymouth Boot Screen.
[[0;32m  OK  [0m] Created slice User Slice of ubuntu.
         Starting User Manager for UID 1000...
         Starting Set console scheme...
[[0;32m  OK  [0m] Started Getty on tty1.
[[0;32m  OK  [0m] Started Serial Getty on ttyS0.
[[0;32m  OK  [0m] Reached target Login Prompts.
[[0;32m  OK  [0m] Started Set console scheme.
[[0;32m  OK  [0m] Started Authenticate and Authorize Users to Run Privileged Tasks.
[[0;32m  OK  [0m] Started LSB: daemon to balance interrupts for SMP systems.
[[0;32m  OK  [0m] Started Accounts Service.
[[0;32m  OK  [0m] Started LSB: automatic crash report generation.
[[0;32m  OK  [0m] Started Session 1 of user ubuntu.
[[0;32m  OK  [0m] Started User Manager for UID 1000.
[[0;32m  OK  [0m] Started LSB: VirtualBox Linux Additions.
[[0;32m  OK  [0m] Started Snappy daemon.
[[0;32m  OK  [0m] Started LXD - container startup/shutdown.

Ubuntu 16.04.3 LTS ubuntu-xenial ttyS0

ubuntu-xenial login: [   41.992441] cloud-init[1591]: Cloud-init v. 17.1 running 'modules:final' at Thu, 07 Dec 2017 07:20:23 +0000. Up 41.81 seconds.
[   41.992826] cloud-init[1591]: Cloud-init v. 17.1 finished at Thu, 07 Dec 2017 07:20:23 +0000. Datasource DataSourceNoCloud [seed=/dev/sdb][dsmode=net].  Up 41.98 seconds
